<?xml version="1.0" encoding="UTF-8"?>
<testng-results ignored="0" total="9" passed="9" failed="0" skipped="0">
  <reporter-output>
  </reporter-output>
  <suite started-at="2022-01-12T17:10:27 EET" name="Suite" finished-at="2022-01-12T17:10:40 EET" duration-ms="13022">
    <groups>
    </groups>
    <test started-at="2022-01-12T17:10:27 EET" name="Test" finished-at="2022-01-12T17:10:40 EET" duration-ms="13022">
      <class name="adminTestCases.EditUserPageTest">
        <test-method is-config="true" signature="before_Method(java.lang.String,java.lang.reflect.Method)[pri:0, instance:adminTestCases.EditUserPageTest@77847718]" started-at="2022-01-12T17:10:35 EET" name="before_Method" finished-at="2022-01-12T17:10:36 EET" duration-ms="834" status="PASS">
          <params>
            <param index="0">
              <value>
                <![CDATA[chrome]]>
              </value>
            </param>
            <param index="1">
              <value>
                <![CDATA[public void adminTestCases.EditUserPageTest.test5(java.lang.reflect.Method)]]>
              </value>
            </param>
          </params>
          <reporter-output>
          </reporter-output>
        </test-method> <!-- before_Method -->
        <test-method signature="test5(java.lang.reflect.Method)[pri:0, instance:adminTestCases.EditUserPageTest@77847718]" started-at="2022-01-12T17:10:36 EET" name="test5" finished-at="2022-01-12T17:10:36 EET" duration-ms="0" status="PASS">
          <params>
            <param index="0">
              <value>
                <![CDATA[public void adminTestCases.EditUserPageTest.test5(java.lang.reflect.Method)]]>
              </value>
            </param>
          </params>
          <reporter-output>
          </reporter-output>
        </test-method> <!-- test5 -->
        <test-method is-config="true" signature="after_Method(java.lang.reflect.Method,org.testng.ITestResult)[pri:0, instance:adminTestCases.EditUserPageTest@77847718]" started-at="2022-01-12T17:10:36 EET" name="after_Method" finished-at="2022-01-12T17:10:36 EET" duration-ms="552" status="PASS">
          <params>
            <param index="0">
              <value>
                <![CDATA[public void adminTestCases.EditUserPageTest.test5(java.lang.reflect.Method)]]>
              </value>
            </param>
            <param index="1">
              <value>
                <![CDATA[[TestResult name=test5 status=SUCCESS method=EditUserPageTest.test5(java.lang.reflect.Method)[pri:0, instance:adminTestCases.EditUserPageTest@77847718] output={null}]]]>
              </value>
            </param>
          </params>
          <reporter-output>
          </reporter-output>
        </test-method> <!-- after_Method -->
      </class> <!-- adminTestCases.EditUserPageTest -->
      <class name="adminTestCases.ViewUserDetailsPageTest">
        <test-method is-config="true" signature="before_Method(java.lang.String,java.lang.reflect.Method)[pri:0, instance:adminTestCases.ViewUserDetailsPageTest@158d2680]" started-at="2022-01-12T17:10:33 EET" name="before_Method" finished-at="2022-01-12T17:10:34 EET" duration-ms="873" status="PASS">
          <params>
            <param index="0">
              <value>
                <![CDATA[chrome]]>
              </value>
            </param>
            <param index="1">
              <value>
                <![CDATA[public void adminTestCases.ViewUserDetailsPageTest.test8(java.lang.reflect.Method)]]>
              </value>
            </param>
          </params>
          <reporter-output>
          </reporter-output>
        </test-method> <!-- before_Method -->
        <test-method signature="test8(java.lang.reflect.Method)[pri:0, instance:adminTestCases.ViewUserDetailsPageTest@158d2680]" started-at="2022-01-12T17:10:34 EET" name="test8" finished-at="2022-01-12T17:10:34 EET" duration-ms="1" status="PASS">
          <params>
            <param index="0">
              <value>
                <![CDATA[public void adminTestCases.ViewUserDetailsPageTest.test8(java.lang.reflect.Method)]]>
              </value>
            </param>
          </params>
          <reporter-output>
          </reporter-output>
        </test-method> <!-- test8 -->
        <test-method is-config="true" signature="after_Method(java.lang.reflect.Method,org.testng.ITestResult)[pri:0, instance:adminTestCases.ViewUserDetailsPageTest@158d2680]" started-at="2022-01-12T17:10:34 EET" name="after_Method" finished-at="2022-01-12T17:10:35 EET" duration-ms="526" status="PASS">
          <params>
            <param index="0">
              <value>
                <![CDATA[public void adminTestCases.ViewUserDetailsPageTest.test8(java.lang.reflect.Method)]]>
              </value>
            </param>
            <param index="1">
              <value>
                <![CDATA[[TestResult name=test8 status=SUCCESS method=ViewUserDetailsPageTest.test8(java.lang.reflect.Method)[pri:0, instance:adminTestCases.ViewUserDetailsPageTest@158d2680] output={null}]]]>
              </value>
            </param>
          </params>
          <reporter-output>
          </reporter-output>
        </test-method> <!-- after_Method -->
      </class> <!-- adminTestCases.ViewUserDetailsPageTest -->
      <class name="adminTestCases.HomePageTest">
        <test-method is-config="true" signature="before_Method(java.lang.String,java.lang.reflect.Method)[pri:0, instance:adminTestCases.HomePageTest@10e31a9a]" started-at="2022-01-12T17:10:31 EET" name="before_Method" finished-at="2022-01-12T17:10:32 EET" duration-ms="879" status="PASS">
          <params>
            <param index="0">
              <value>
                <![CDATA[chrome]]>
              </value>
            </param>
            <param index="1">
              <value>
                <![CDATA[public void adminTestCases.HomePageTest.test6(java.lang.reflect.Method)]]>
              </value>
            </param>
          </params>
          <reporter-output>
          </reporter-output>
        </test-method> <!-- before_Method -->
        <test-method signature="test6(java.lang.reflect.Method)[pri:0, instance:adminTestCases.HomePageTest@10e31a9a]" started-at="2022-01-12T17:10:32 EET" name="test6" finished-at="2022-01-12T17:10:32 EET" duration-ms="1" status="PASS">
          <params>
            <param index="0">
              <value>
                <![CDATA[public void adminTestCases.HomePageTest.test6(java.lang.reflect.Method)]]>
              </value>
            </param>
          </params>
          <reporter-output>
          </reporter-output>
        </test-method> <!-- test6 -->
        <test-method is-config="true" signature="after_Method(java.lang.reflect.Method,org.testng.ITestResult)[pri:0, instance:adminTestCases.HomePageTest@10e31a9a]" started-at="2022-01-12T17:10:32 EET" name="after_Method" finished-at="2022-01-12T17:10:32 EET" duration-ms="506" status="PASS">
          <params>
            <param index="0">
              <value>
                <![CDATA[public void adminTestCases.HomePageTest.test6(java.lang.reflect.Method)]]>
              </value>
            </param>
            <param index="1">
              <value>
                <![CDATA[[TestResult name=test6 status=SUCCESS method=HomePageTest.test6(java.lang.reflect.Method)[pri:0, instance:adminTestCases.HomePageTest@10e31a9a] output={null}]]]>
              </value>
            </param>
          </params>
          <reporter-output>
          </reporter-output>
        </test-method> <!-- after_Method -->
      </class> <!-- adminTestCases.HomePageTest -->
      <class name="adminTestCases.ChangeUserPasswordPageTest">
        <test-method is-config="true" signature="before_Method(java.lang.String,java.lang.reflect.Method)[pri:0, instance:adminTestCases.ChangeUserPasswordPageTest@5c33f1a9]" started-at="2022-01-12T17:10:39 EET" name="before_Method" finished-at="2022-01-12T17:10:40 EET" duration-ms="892" status="PASS">
          <params>
            <param index="0">
              <value>
                <![CDATA[chrome]]>
              </value>
            </param>
            <param index="1">
              <value>
                <![CDATA[public void adminTestCases.ChangeUserPasswordPageTest.test3(java.lang.reflect.Method)]]>
              </value>
            </param>
          </params>
          <reporter-output>
          </reporter-output>
        </test-method> <!-- before_Method -->
        <test-method signature="test3(java.lang.reflect.Method)[pri:0, instance:adminTestCases.ChangeUserPasswordPageTest@5c33f1a9]" started-at="2022-01-12T17:10:40 EET" name="test3" finished-at="2022-01-12T17:10:40 EET" duration-ms="0" status="PASS">
          <params>
            <param index="0">
              <value>
                <![CDATA[public void adminTestCases.ChangeUserPasswordPageTest.test3(java.lang.reflect.Method)]]>
              </value>
            </param>
          </params>
          <reporter-output>
          </reporter-output>
        </test-method> <!-- test3 -->
        <test-method is-config="true" signature="after_Method(java.lang.reflect.Method,org.testng.ITestResult)[pri:0, instance:adminTestCases.ChangeUserPasswordPageTest@5c33f1a9]" started-at="2022-01-12T17:10:40 EET" name="after_Method" finished-at="2022-01-12T17:10:40 EET" duration-ms="514" status="PASS">
          <params>
            <param index="0">
              <value>
                <![CDATA[public void adminTestCases.ChangeUserPasswordPageTest.test3(java.lang.reflect.Method)]]>
              </value>
            </param>
            <param index="1">
              <value>
                <![CDATA[[TestResult name=test3 status=SUCCESS method=ChangeUserPasswordPageTest.test3(java.lang.reflect.Method)[pri:0, instance:adminTestCases.ChangeUserPasswordPageTest@5c33f1a9] output={null}]]]>
              </value>
            </param>
          </params>
          <reporter-output>
          </reporter-output>
        </test-method> <!-- after_Method -->
      </class> <!-- adminTestCases.ChangeUserPasswordPageTest -->
      <class name="adminTestCases.AddUserPageTest">
        <test-method is-config="true" signature="before_Method(java.lang.String,java.lang.reflect.Method)[pri:0, instance:adminTestCases.AddUserPageTest@131774fe]" started-at="2022-01-12T17:10:32 EET" name="before_Method" finished-at="2022-01-12T17:10:33 EET" duration-ms="804" status="PASS">
          <params>
            <param index="0">
              <value>
                <![CDATA[chrome]]>
              </value>
            </param>
            <param index="1">
              <value>
                <![CDATA[public void adminTestCases.AddUserPageTest.test2(java.lang.reflect.Method)]]>
              </value>
            </param>
          </params>
          <reporter-output>
          </reporter-output>
        </test-method> <!-- before_Method -->
        <test-method signature="test2(java.lang.reflect.Method)[pri:0, instance:adminTestCases.AddUserPageTest@131774fe]" started-at="2022-01-12T17:10:33 EET" name="test2" finished-at="2022-01-12T17:10:33 EET" duration-ms="0" status="PASS">
          <params>
            <param index="0">
              <value>
                <![CDATA[public void adminTestCases.AddUserPageTest.test2(java.lang.reflect.Method)]]>
              </value>
            </param>
          </params>
          <reporter-output>
          </reporter-output>
        </test-method> <!-- test2 -->
        <test-method is-config="true" signature="after_Method(java.lang.reflect.Method,org.testng.ITestResult)[pri:0, instance:adminTestCases.AddUserPageTest@131774fe]" started-at="2022-01-12T17:10:33 EET" name="after_Method" finished-at="2022-01-12T17:10:33 EET" duration-ms="585" status="PASS">
          <params>
            <param index="0">
              <value>
                <![CDATA[public void adminTestCases.AddUserPageTest.test2(java.lang.reflect.Method)]]>
              </value>
            </param>
            <param index="1">
              <value>
                <![CDATA[[TestResult name=test2 status=SUCCESS method=AddUserPageTest.test2(java.lang.reflect.Method)[pri:0, instance:adminTestCases.AddUserPageTest@131774fe] output={null}]]]>
              </value>
            </param>
          </params>
          <reporter-output>
          </reporter-output>
        </test-method> <!-- after_Method -->
      </class> <!-- adminTestCases.AddUserPageTest -->
      <class name="adminTestCases.LoginPageTest">
        <test-method is-config="true" signature="before_Method(java.lang.String,java.lang.reflect.Method)[pri:0, instance:adminTestCases.LoginPageTest@74fe5c40]" started-at="2022-01-12T17:10:27 EET" name="before_Method" finished-at="2022-01-12T17:10:29 EET" duration-ms="1235" status="PASS">
          <params>
            <param index="0">
              <value>
                <![CDATA[chrome]]>
              </value>
            </param>
            <param index="1">
              <value>
                <![CDATA[public void adminTestCases.LoginPageTest.test1(java.lang.reflect.Method)]]>
              </value>
            </param>
          </params>
          <reporter-output>
          </reporter-output>
        </test-method> <!-- before_Method -->
        <test-method signature="test1(java.lang.reflect.Method)[pri:0, instance:adminTestCases.LoginPageTest@74fe5c40]" started-at="2022-01-12T17:10:29 EET" name="test1" finished-at="2022-01-12T17:10:29 EET" duration-ms="4" status="PASS">
          <params>
            <param index="0">
              <value>
                <![CDATA[public void adminTestCases.LoginPageTest.test1(java.lang.reflect.Method)]]>
              </value>
            </param>
          </params>
          <reporter-output>
          </reporter-output>
        </test-method> <!-- test1 -->
        <test-method is-config="true" signature="after_Method(java.lang.reflect.Method,org.testng.ITestResult)[pri:0, instance:adminTestCases.LoginPageTest@74fe5c40]" started-at="2022-01-12T17:10:29 EET" name="after_Method" finished-at="2022-01-12T17:10:29 EET" duration-ms="526" status="PASS">
          <params>
            <param index="0">
              <value>
                <![CDATA[public void adminTestCases.LoginPageTest.test1(java.lang.reflect.Method)]]>
              </value>
            </param>
            <param index="1">
              <value>
                <![CDATA[[TestResult name=test1 status=SUCCESS method=LoginPageTest.test1(java.lang.reflect.Method)[pri:0, instance:adminTestCases.LoginPageTest@74fe5c40] output={null}]]]>
              </value>
            </param>
          </params>
          <reporter-output>
          </reporter-output>
        </test-method> <!-- after_Method -->
      </class> <!-- adminTestCases.LoginPageTest -->
      <class name="adminTestCases.UserPermessionPageTest">
        <test-method is-config="true" signature="before_Method(java.lang.String,java.lang.reflect.Method)[pri:0, instance:adminTestCases.UserPermessionPageTest@7f3b84b8]" started-at="2022-01-12T17:10:36 EET" name="before_Method" finished-at="2022-01-12T17:10:37 EET" duration-ms="958" status="PASS">
          <params>
            <param index="0">
              <value>
                <![CDATA[chrome]]>
              </value>
            </param>
            <param index="1">
              <value>
                <![CDATA[public void adminTestCases.UserPermessionPageTest.test7(java.lang.reflect.Method)]]>
              </value>
            </param>
          </params>
          <reporter-output>
          </reporter-output>
        </test-method> <!-- before_Method -->
        <test-method signature="test7(java.lang.reflect.Method)[pri:0, instance:adminTestCases.UserPermessionPageTest@7f3b84b8]" started-at="2022-01-12T17:10:37 EET" name="test7" finished-at="2022-01-12T17:10:37 EET" duration-ms="0" status="PASS">
          <params>
            <param index="0">
              <value>
                <![CDATA[public void adminTestCases.UserPermessionPageTest.test7(java.lang.reflect.Method)]]>
              </value>
            </param>
          </params>
          <reporter-output>
          </reporter-output>
        </test-method> <!-- test7 -->
        <test-method is-config="true" signature="after_Method(java.lang.reflect.Method,org.testng.ITestResult)[pri:0, instance:adminTestCases.UserPermessionPageTest@7f3b84b8]" started-at="2022-01-12T17:10:37 EET" name="after_Method" finished-at="2022-01-12T17:10:38 EET" duration-ms="514" status="PASS">
          <params>
            <param index="0">
              <value>
                <![CDATA[public void adminTestCases.UserPermessionPageTest.test7(java.lang.reflect.Method)]]>
              </value>
            </param>
            <param index="1">
              <value>
                <![CDATA[[TestResult name=test7 status=SUCCESS method=UserPermessionPageTest.test7(java.lang.reflect.Method)[pri:0, instance:adminTestCases.UserPermessionPageTest@7f3b84b8] output={null}]]]>
              </value>
            </param>
          </params>
          <reporter-output>
          </reporter-output>
        </test-method> <!-- after_Method -->
      </class> <!-- adminTestCases.UserPermessionPageTest -->
      <class name="adminTestCases.ExtentReport">
        <test-method is-config="true" signature="Extent()[pri:0, instance:adminTestCases.ExtentReport@16293aa2]" started-at="2022-01-12T17:10:27 EET" name="Extent" finished-at="2022-01-12T17:10:27 EET" duration-ms="113" status="PASS">
          <reporter-output>
          </reporter-output>
        </test-method> <!-- Extent -->
        <test-method is-config="true" signature="afterSuite()[pri:0, instance:adminTestCases.ExtentReport@16293aa2]" started-at="2022-01-12T17:10:40 EET" name="afterSuite" finished-at="2022-01-12T17:10:41 EET" duration-ms="163" status="PASS">
          <reporter-output>
          </reporter-output>
        </test-method> <!-- afterSuite -->
      </class> <!-- adminTestCases.ExtentReport -->
      <class name="adminTestCases.UserTablePageTest">
        <test-method is-config="true" signature="before_Method(java.lang.String,java.lang.reflect.Method)[pri:0, instance:adminTestCases.UserTablePageTest@7f0eb4b4]" started-at="2022-01-12T17:10:38 EET" name="before_Method" finished-at="2022-01-12T17:10:38 EET" duration-ms="805" status="PASS">
          <params>
            <param index="0">
              <value>
                <![CDATA[chrome]]>
              </value>
            </param>
            <param index="1">
              <value>
                <![CDATA[public void adminTestCases.UserTablePageTest.test9(java.lang.reflect.Method)]]>
              </value>
            </param>
          </params>
          <reporter-output>
          </reporter-output>
        </test-method> <!-- before_Method -->
        <test-method signature="test9(java.lang.reflect.Method)[pri:0, instance:adminTestCases.UserTablePageTest@7f0eb4b4]" started-at="2022-01-12T17:10:38 EET" name="test9" finished-at="2022-01-12T17:10:38 EET" duration-ms="1" status="PASS">
          <params>
            <param index="0">
              <value>
                <![CDATA[public void adminTestCases.UserTablePageTest.test9(java.lang.reflect.Method)]]>
              </value>
            </param>
          </params>
          <reporter-output>
          </reporter-output>
        </test-method> <!-- test9 -->
        <test-method is-config="true" signature="after_Method(java.lang.reflect.Method,org.testng.ITestResult)[pri:0, instance:adminTestCases.UserTablePageTest@7f0eb4b4]" started-at="2022-01-12T17:10:38 EET" name="after_Method" finished-at="2022-01-12T17:10:39 EET" duration-ms="549" status="PASS">
          <params>
            <param index="0">
              <value>
                <![CDATA[public void adminTestCases.UserTablePageTest.test9(java.lang.reflect.Method)]]>
              </value>
            </param>
            <param index="1">
              <value>
                <![CDATA[[TestResult name=test9 status=SUCCESS method=UserTablePageTest.test9(java.lang.reflect.Method)[pri:0, instance:adminTestCases.UserTablePageTest@7f0eb4b4] output={null}]]]>
              </value>
            </param>
          </params>
          <reporter-output>
          </reporter-output>
        </test-method> <!-- after_Method -->
      </class> <!-- adminTestCases.UserTablePageTest -->
      <class name="adminTestCases.DeactivateUserPageTest">
        <test-method is-config="true" signature="before_Method(java.lang.String,java.lang.reflect.Method)[pri:0, instance:adminTestCases.DeactivateUserPageTest@3febb011]" started-at="2022-01-12T17:10:29 EET" name="before_Method" finished-at="2022-01-12T17:10:30 EET" duration-ms="880" status="PASS">
          <params>
            <param index="0">
              <value>
                <![CDATA[chrome]]>
              </value>
            </param>
            <param index="1">
              <value>
                <![CDATA[public void adminTestCases.DeactivateUserPageTest.test4(java.lang.reflect.Method)]]>
              </value>
            </param>
          </params>
          <reporter-output>
          </reporter-output>
        </test-method> <!-- before_Method -->
        <test-method signature="test4(java.lang.reflect.Method)[pri:0, instance:adminTestCases.DeactivateUserPageTest@3febb011]" started-at="2022-01-12T17:10:30 EET" name="test4" finished-at="2022-01-12T17:10:30 EET" duration-ms="1" status="PASS">
          <params>
            <param index="0">
              <value>
                <![CDATA[public void adminTestCases.DeactivateUserPageTest.test4(java.lang.reflect.Method)]]>
              </value>
            </param>
          </params>
          <reporter-output>
          </reporter-output>
        </test-method> <!-- test4 -->
        <test-method is-config="true" signature="after_Method(java.lang.reflect.Method,org.testng.ITestResult)[pri:0, instance:adminTestCases.DeactivateUserPageTest@3febb011]" started-at="2022-01-12T17:10:30 EET" name="after_Method" finished-at="2022-01-12T17:10:31 EET" duration-ms="541" status="PASS">
          <params>
            <param index="0">
              <value>
                <![CDATA[public void adminTestCases.DeactivateUserPageTest.test4(java.lang.reflect.Method)]]>
              </value>
            </param>
            <param index="1">
              <value>
                <![CDATA[[TestResult name=test4 status=SUCCESS method=DeactivateUserPageTest.test4(java.lang.reflect.Method)[pri:0, instance:adminTestCases.DeactivateUserPageTest@3febb011] output={null}]]]>
              </value>
            </param>
          </params>
          <reporter-output>
          </reporter-output>
        </test-method> <!-- after_Method -->
      </class> <!-- adminTestCases.DeactivateUserPageTest -->
    </test> <!-- Test -->
  </suite> <!-- Suite -->
</testng-results>
