<?xml version="1.0" encoding="UTF-8"?>
<testng-results total="9" passed="0" failed="0" skipped="9">
  <reporter-output>
  </reporter-output>
  <suite started-at="2022-01-12T15:17:22Z" name="Surefire suite" finished-at="2022-01-12T15:17:22Z" duration-ms="29">
    <groups>
    </groups>
    <test started-at="2022-01-12T15:17:22Z" name="Surefire test" finished-at="2022-01-12T15:17:22Z" duration-ms="29">
      <class name="adminTestCases.EditUserPageTest">
        <test-method is-config="true" signature="before_Method(java.lang.String, java.lang.reflect.Method)[pri:0, instance:adminTestCases.EditUserPageTest@37574691]" started-at="2022-01-12T17:17:22Z" name="before_Method" finished-at="2022-01-12T17:17:22Z" duration-ms="0" status="SKIP">
          <reporter-output>
          </reporter-output>
        </test-method> <!-- before_Method -->
        <test-method is-config="true" signature="after_Method(java.lang.reflect.Method, org.testng.ITestResult)[pri:0, instance:adminTestCases.EditUserPageTest@37574691]" started-at="2022-01-12T17:17:22Z" name="after_Method" finished-at="2022-01-12T17:17:22Z" duration-ms="0" status="SKIP">
          <reporter-output>
          </reporter-output>
        </test-method> <!-- after_Method -->
        <test-method signature="test5(java.lang.reflect.Method)[pri:0, instance:adminTestCases.EditUserPageTest@37574691]" started-at="2022-01-12T17:17:22Z" name="test5" finished-at="2022-01-12T17:17:22Z" duration-ms="0" status="SKIP">
          <params>
            <param index="0">
              <value>
                <![CDATA[public void adminTestCases.EditUserPageTest.test5(java.lang.reflect.Method)]]>
              </value>
            </param>
          </params>
          <reporter-output>
          </reporter-output>
        </test-method> <!-- test5 -->
      </class> <!-- adminTestCases.EditUserPageTest -->
      <class name="adminTestCases.ViewUserDetailsPageTest">
        <test-method is-config="true" signature="before_Method(java.lang.String, java.lang.reflect.Method)[pri:0, instance:adminTestCases.ViewUserDetailsPageTest@641147d0]" started-at="2022-01-12T17:17:22Z" name="before_Method" finished-at="2022-01-12T17:17:22Z" duration-ms="0" status="SKIP">
          <reporter-output>
          </reporter-output>
        </test-method> <!-- before_Method -->
        <test-method is-config="true" signature="after_Method(java.lang.reflect.Method, org.testng.ITestResult)[pri:0, instance:adminTestCases.ViewUserDetailsPageTest@641147d0]" started-at="2022-01-12T17:17:22Z" name="after_Method" finished-at="2022-01-12T17:17:22Z" duration-ms="0" status="SKIP">
          <reporter-output>
          </reporter-output>
        </test-method> <!-- after_Method -->
        <test-method signature="test8(java.lang.reflect.Method)[pri:0, instance:adminTestCases.ViewUserDetailsPageTest@641147d0]" started-at="2022-01-12T17:17:22Z" name="test8" finished-at="2022-01-12T17:17:22Z" duration-ms="0" status="SKIP">
          <params>
            <param index="0">
              <value>
                <![CDATA[public void adminTestCases.ViewUserDetailsPageTest.test8(java.lang.reflect.Method)]]>
              </value>
            </param>
          </params>
          <reporter-output>
          </reporter-output>
        </test-method> <!-- test8 -->
      </class> <!-- adminTestCases.ViewUserDetailsPageTest -->
      <class name="adminTestCases.HomePageTest">
        <test-method signature="test6(java.lang.reflect.Method)[pri:0, instance:adminTestCases.HomePageTest@6e38921c]" started-at="2022-01-12T17:17:22Z" name="test6" finished-at="2022-01-12T17:17:22Z" duration-ms="0" status="SKIP">
          <params>
            <param index="0">
              <value>
                <![CDATA[public void adminTestCases.HomePageTest.test6(java.lang.reflect.Method)]]>
              </value>
            </param>
          </params>
          <reporter-output>
          </reporter-output>
        </test-method> <!-- test6 -->
        <test-method is-config="true" signature="before_Method(java.lang.String, java.lang.reflect.Method)[pri:0, instance:adminTestCases.HomePageTest@6e38921c]" started-at="2022-01-12T17:17:22Z" name="before_Method" finished-at="2022-01-12T17:17:22Z" duration-ms="0" status="SKIP">
          <reporter-output>
          </reporter-output>
        </test-method> <!-- before_Method -->
        <test-method is-config="true" signature="after_Method(java.lang.reflect.Method, org.testng.ITestResult)[pri:0, instance:adminTestCases.HomePageTest@6e38921c]" started-at="2022-01-12T17:17:22Z" name="after_Method" finished-at="2022-01-12T17:17:22Z" duration-ms="0" status="SKIP">
          <reporter-output>
          </reporter-output>
        </test-method> <!-- after_Method -->
      </class> <!-- adminTestCases.HomePageTest -->
      <class name="adminTestCases.ChangeUserPasswordPageTest">
        <test-method is-config="true" signature="before_Method(java.lang.String, java.lang.reflect.Method)[pri:0, instance:adminTestCases.ChangeUserPasswordPageTest@3d3fcdb0]" started-at="2022-01-12T17:17:22Z" name="before_Method" finished-at="2022-01-12T17:17:22Z" duration-ms="0" status="SKIP">
          <reporter-output>
          </reporter-output>
        </test-method> <!-- before_Method -->
        <test-method is-config="true" signature="after_Method(java.lang.reflect.Method, org.testng.ITestResult)[pri:0, instance:adminTestCases.ChangeUserPasswordPageTest@3d3fcdb0]" started-at="2022-01-12T17:17:22Z" name="after_Method" finished-at="2022-01-12T17:17:22Z" duration-ms="0" status="SKIP">
          <reporter-output>
          </reporter-output>
        </test-method> <!-- after_Method -->
        <test-method signature="test3(java.lang.reflect.Method)[pri:0, instance:adminTestCases.ChangeUserPasswordPageTest@3d3fcdb0]" started-at="2022-01-12T17:17:22Z" name="test3" finished-at="2022-01-12T17:17:22Z" duration-ms="0" status="SKIP">
          <params>
            <param index="0">
              <value>
                <![CDATA[public void adminTestCases.ChangeUserPasswordPageTest.test3(java.lang.reflect.Method)]]>
              </value>
            </param>
          </params>
          <reporter-output>
          </reporter-output>
        </test-method> <!-- test3 -->
      </class> <!-- adminTestCases.ChangeUserPasswordPageTest -->
      <class name="adminTestCases.LoginPageTest">
        <test-method signature="test1(java.lang.reflect.Method)[pri:0, instance:adminTestCases.LoginPageTest@1372ed45]" started-at="2022-01-12T17:17:22Z" name="test1" finished-at="2022-01-12T17:17:22Z" duration-ms="0" status="SKIP">
          <params>
            <param index="0">
              <value>
                <![CDATA[public void adminTestCases.LoginPageTest.test1(java.lang.reflect.Method)]]>
              </value>
            </param>
          </params>
          <reporter-output>
          </reporter-output>
        </test-method> <!-- test1 -->
        <test-method is-config="true" signature="before_Method(java.lang.String, java.lang.reflect.Method)[pri:0, instance:adminTestCases.LoginPageTest@1372ed45]" started-at="2022-01-12T17:17:22Z" name="before_Method" finished-at="2022-01-12T17:17:22Z" duration-ms="0" status="SKIP">
          <reporter-output>
          </reporter-output>
        </test-method> <!-- before_Method -->
        <test-method is-config="true" signature="after_Method(java.lang.reflect.Method, org.testng.ITestResult)[pri:0, instance:adminTestCases.LoginPageTest@1372ed45]" started-at="2022-01-12T17:17:22Z" name="after_Method" finished-at="2022-01-12T17:17:22Z" duration-ms="0" status="SKIP">
          <reporter-output>
          </reporter-output>
        </test-method> <!-- after_Method -->
      </class> <!-- adminTestCases.LoginPageTest -->
      <class name="adminTestCases.UserPermessionPageTest">
        <test-method is-config="true" signature="before_Method(java.lang.String, java.lang.reflect.Method)[pri:0, instance:adminTestCases.UserPermessionPageTest@6a79c292]" started-at="2022-01-12T17:17:22Z" name="before_Method" finished-at="2022-01-12T17:17:22Z" duration-ms="0" status="SKIP">
          <reporter-output>
          </reporter-output>
        </test-method> <!-- before_Method -->
        <test-method signature="test7(java.lang.reflect.Method)[pri:0, instance:adminTestCases.UserPermessionPageTest@6a79c292]" started-at="2022-01-12T17:17:22Z" name="test7" finished-at="2022-01-12T17:17:22Z" duration-ms="0" status="SKIP">
          <params>
            <param index="0">
              <value>
                <![CDATA[public void adminTestCases.UserPermessionPageTest.test7(java.lang.reflect.Method)]]>
              </value>
            </param>
          </params>
          <reporter-output>
          </reporter-output>
        </test-method> <!-- test7 -->
        <test-method is-config="true" signature="after_Method(java.lang.reflect.Method, org.testng.ITestResult)[pri:0, instance:adminTestCases.UserPermessionPageTest@6a79c292]" started-at="2022-01-12T17:17:22Z" name="after_Method" finished-at="2022-01-12T17:17:22Z" duration-ms="0" status="SKIP">
          <reporter-output>
          </reporter-output>
        </test-method> <!-- after_Method -->
      </class> <!-- adminTestCases.UserPermessionPageTest -->
      <class name="adminTestCases.AddUserPageTest">
        <test-method is-config="true" signature="before_Method(java.lang.String, java.lang.reflect.Method)[pri:0, instance:adminTestCases.AddUserPageTest@4e41089d]" started-at="2022-01-12T17:17:22Z" name="before_Method" finished-at="2022-01-12T17:17:22Z" duration-ms="0" status="FAIL">
          <exception class="org.testng.TestNGException">
            <message>
              <![CDATA[
Parameter 'browser' is required by @Configuration on method before_Method but has not been marked @Optional or defined
]]>
            </message>
            <full-stacktrace>
              <![CDATA[org.testng.TestNGException: 
Parameter 'browser' is required by @Configuration on method before_Method but has not been marked @Optional or defined

	at org.testng.internal.Parameters.createParameters(Parameters.java:155)
	at org.testng.internal.Parameters.createParameters(Parameters.java:358)
	at org.testng.internal.Parameters.createConfigurationParameters(Parameters.java:86)
	at org.testng.internal.Invoker.invokeConfigurations(Invoker.java:199)
	at org.testng.internal.Invoker.invokeMethod(Invoker.java:653)
	at org.testng.internal.Invoker.invokeTestMethod(Invoker.java:901)
	at org.testng.internal.Invoker.invokeTestMethods(Invoker.java:1231)
	at org.testng.internal.TestMethodWorker.invokeTestMethods(TestMethodWorker.java:127)
	at org.testng.internal.TestMethodWorker.run(TestMethodWorker.java:111)
	at org.testng.TestRunner.privateRun(TestRunner.java:767)
	at org.testng.TestRunner.run(TestRunner.java:617)
	at org.testng.SuiteRunner.runTest(SuiteRunner.java:348)
	at org.testng.SuiteRunner.runSequentially(SuiteRunner.java:343)
	at org.testng.SuiteRunner.privateRun(SuiteRunner.java:305)
	at org.testng.SuiteRunner.run(SuiteRunner.java:254)
	at org.testng.SuiteRunnerWorker.runSuite(SuiteRunnerWorker.java:52)
	at org.testng.SuiteRunnerWorker.run(SuiteRunnerWorker.java:86)
	at org.testng.TestNG.runSuitesSequentially(TestNG.java:1224)
	at org.testng.TestNG.runSuitesLocally(TestNG.java:1149)
	at org.testng.TestNG.run(TestNG.java:1057)
	at org.apache.maven.surefire.testng.TestNGExecutor.run(TestNGExecutor.java:135)
	at org.apache.maven.surefire.testng.TestNGDirectoryTestSuite.executeMulti(TestNGDirectoryTestSuite.java:193)
	at org.apache.maven.surefire.testng.TestNGDirectoryTestSuite.execute(TestNGDirectoryTestSuite.java:94)
	at org.apache.maven.surefire.testng.TestNGProvider.invoke(TestNGProvider.java:146)
	at org.apache.maven.surefire.booter.ForkedBooter.invokeProviderInSameClassLoader(ForkedBooter.java:384)
	at org.apache.maven.surefire.booter.ForkedBooter.runSuitesInProcess(ForkedBooter.java:345)
	at org.apache.maven.surefire.booter.ForkedBooter.execute(ForkedBooter.java:126)
	at org.apache.maven.surefire.booter.ForkedBooter.main(ForkedBooter.java:418)
]]>
            </full-stacktrace>
          </exception> <!-- org.testng.TestNGException -->
          <reporter-output>
          </reporter-output>
        </test-method> <!-- before_Method -->
        <test-method signature="test2(java.lang.reflect.Method)[pri:0, instance:adminTestCases.AddUserPageTest@4e41089d]" started-at="2022-01-12T17:17:22Z" name="test2" finished-at="2022-01-12T17:17:22Z" duration-ms="3" status="SKIP">
          <params>
            <param index="0">
              <value>
                <![CDATA[public void adminTestCases.AddUserPageTest.test2(java.lang.reflect.Method)]]>
              </value>
            </param>
          </params>
          <reporter-output>
          </reporter-output>
        </test-method> <!-- test2 -->
        <test-method is-config="true" signature="after_Method(java.lang.reflect.Method, org.testng.ITestResult)[pri:0, instance:adminTestCases.AddUserPageTest@4e41089d]" started-at="2022-01-12T17:17:22Z" name="after_Method" finished-at="2022-01-12T17:17:22Z" duration-ms="0" status="SKIP">
          <reporter-output>
          </reporter-output>
        </test-method> <!-- after_Method -->
      </class> <!-- adminTestCases.AddUserPageTest -->
      <class name="adminTestCases.UserTablePageTest">
        <test-method is-config="true" signature="after_Method(java.lang.reflect.Method, org.testng.ITestResult)[pri:0, instance:adminTestCases.UserTablePageTest@21a947fe]" started-at="2022-01-12T17:17:22Z" name="after_Method" finished-at="2022-01-12T17:17:22Z" duration-ms="0" status="SKIP">
          <reporter-output>
          </reporter-output>
        </test-method> <!-- after_Method -->
        <test-method signature="test9(java.lang.reflect.Method)[pri:0, instance:adminTestCases.UserTablePageTest@21a947fe]" started-at="2022-01-12T17:17:22Z" name="test9" finished-at="2022-01-12T17:17:22Z" duration-ms="0" status="SKIP">
          <params>
            <param index="0">
              <value>
                <![CDATA[public void adminTestCases.UserTablePageTest.test9(java.lang.reflect.Method)]]>
              </value>
            </param>
          </params>
          <reporter-output>
          </reporter-output>
        </test-method> <!-- test9 -->
        <test-method is-config="true" signature="before_Method(java.lang.String, java.lang.reflect.Method)[pri:0, instance:adminTestCases.UserTablePageTest@21a947fe]" started-at="2022-01-12T17:17:22Z" name="before_Method" finished-at="2022-01-12T17:17:22Z" duration-ms="0" status="SKIP">
          <reporter-output>
          </reporter-output>
        </test-method> <!-- before_Method -->
      </class> <!-- adminTestCases.UserTablePageTest -->
      <class name="adminTestCases.DeactivateUserPageTest">
        <test-method is-config="true" signature="before_Method(java.lang.String, java.lang.reflect.Method)[pri:0, instance:adminTestCases.DeactivateUserPageTest@25359ed8]" started-at="2022-01-12T17:17:22Z" name="before_Method" finished-at="2022-01-12T17:17:22Z" duration-ms="0" status="SKIP">
          <reporter-output>
          </reporter-output>
        </test-method> <!-- before_Method -->
        <test-method is-config="true" signature="after_Method(java.lang.reflect.Method, org.testng.ITestResult)[pri:0, instance:adminTestCases.DeactivateUserPageTest@25359ed8]" started-at="2022-01-12T17:17:22Z" name="after_Method" finished-at="2022-01-12T17:17:22Z" duration-ms="0" status="SKIP">
          <reporter-output>
          </reporter-output>
        </test-method> <!-- after_Method -->
        <test-method signature="test4(java.lang.reflect.Method)[pri:0, instance:adminTestCases.DeactivateUserPageTest@25359ed8]" started-at="2022-01-12T17:17:22Z" name="test4" finished-at="2022-01-12T17:17:22Z" duration-ms="0" status="SKIP">
          <params>
            <param index="0">
              <value>
                <![CDATA[public void adminTestCases.DeactivateUserPageTest.test4(java.lang.reflect.Method)]]>
              </value>
            </param>
          </params>
          <reporter-output>
          </reporter-output>
        </test-method> <!-- test4 -->
      </class> <!-- adminTestCases.DeactivateUserPageTest -->
    </test> <!-- Surefire test -->
  </suite> <!-- Surefire suite -->
</testng-results>
