<?xml version="1.0" encoding="UTF-8"?>
<testng-results total="3" passed="3" failed="0" skipped="0">
  <reporter-output>
  </reporter-output>
  <suite started-at="2022-02-20T14:58:56Z" name="Suite" finished-at="2022-02-20T14:59:05Z" duration-ms="9025">
    <groups>
    </groups>
    <test started-at="2022-02-20T14:58:56Z" name="Test" finished-at="2022-02-20T14:59:05Z" duration-ms="9025">
      <class name="testCases.Reports">
        <test-method is-config="true" signature="before_Method()[pri:0, instance:testCases.Reports@3a7442c7]" started-at="2022-02-20T16:58:56Z" name="before_Method" finished-at="2022-02-20T16:58:56Z" duration-ms="85" status="PASS">
          <reporter-output>
          </reporter-output>
        </test-method> <!-- before_Method -->
        <test-method is-config="true" signature="after_Suite()[pri:0, instance:testCases.Reports@3a7442c7]" started-at="2022-02-20T16:59:05Z" name="after_Suite" finished-at="2022-02-20T16:59:05Z" duration-ms="227" status="PASS">
          <reporter-output>
          </reporter-output>
        </test-method> <!-- after_Suite -->
      </class> <!-- testCases.Reports -->
      <class name="testCases.LoginPageTest">
        <test-method is-config="true" signature="Setup(java.lang.reflect.Method, java.lang.String)[pri:0, instance:testCases.LoginPageTest@712625fd]" started-at="2022-02-20T16:58:56Z" name="Setup" finished-at="2022-02-20T16:58:57Z" duration-ms="989" status="PASS">
          <params>
            <param index="0">
              <value>
                <![CDATA[public void testCases.LoginPageTest.Test1() throws java.lang.Exception]]>
              </value>
            </param>
            <param index="1">
              <value>
                <![CDATA[chrome]]>
              </value>
            </param>
          </params>
          <reporter-output>
          </reporter-output>
        </test-method> <!-- Setup -->
        <test-method signature="Test1()[pri:0, instance:testCases.LoginPageTest@712625fd]" started-at="2022-02-20T16:58:57Z" name="Test1" finished-at="2022-02-20T16:58:58Z" duration-ms="766" status="PASS">
          <reporter-output>
          </reporter-output>
        </test-method> <!-- Test1 -->
        <test-method is-config="true" signature="after_Method(org.testng.ITestResult, java.lang.reflect.Method)[pri:0, instance:testCases.LoginPageTest@712625fd]" started-at="2022-02-20T16:58:58Z" name="after_Method" finished-at="2022-02-20T16:58:58Z" duration-ms="366" status="PASS">
          <params>
            <param index="0">
              <value>
                <![CDATA[[TestResult name=Test1 status=SUCCESS method=LoginPageTest.Test1()[pri:0, instance:testCases.LoginPageTest@712625fd] output={null}]]]>
              </value>
            </param>
            <param index="1">
              <value>
                <![CDATA[public void testCases.LoginPageTest.Test1() throws java.lang.Exception]]>
              </value>
            </param>
          </params>
          <reporter-output>
          </reporter-output>
        </test-method> <!-- after_Method -->
        <test-method is-config="true" signature="Setup(java.lang.reflect.Method, java.lang.String)[pri:0, instance:testCases.LoginPageTest@712625fd]" started-at="2022-02-20T16:58:58Z" name="Setup" finished-at="2022-02-20T16:58:59Z" duration-ms="756" status="PASS">
          <params>
            <param index="0">
              <value>
                <![CDATA[public void testCases.LoginPageTest.Test2()]]>
              </value>
            </param>
            <param index="1">
              <value>
                <![CDATA[chrome]]>
              </value>
            </param>
          </params>
          <reporter-output>
          </reporter-output>
        </test-method> <!-- Setup -->
        <test-method signature="Test2()[pri:0, instance:testCases.LoginPageTest@712625fd]" started-at="2022-02-20T16:58:59Z" name="Test2" finished-at="2022-02-20T16:59:00Z" duration-ms="1091" status="PASS">
          <reporter-output>
          </reporter-output>
        </test-method> <!-- Test2 -->
        <test-method is-config="true" signature="after_Method(org.testng.ITestResult, java.lang.reflect.Method)[pri:0, instance:testCases.LoginPageTest@712625fd]" started-at="2022-02-20T16:59:00Z" name="after_Method" finished-at="2022-02-20T16:59:00Z" duration-ms="248" status="PASS">
          <params>
            <param index="0">
              <value>
                <![CDATA[[TestResult name=Test2 status=SUCCESS method=LoginPageTest.Test2()[pri:0, instance:testCases.LoginPageTest@712625fd] output={null}]]]>
              </value>
            </param>
            <param index="1">
              <value>
                <![CDATA[public void testCases.LoginPageTest.Test2()]]>
              </value>
            </param>
          </params>
          <reporter-output>
          </reporter-output>
        </test-method> <!-- after_Method -->
      </class> <!-- testCases.LoginPageTest -->
      <class name="testCases.HomePageTest">
        <test-method is-config="true" signature="Setup(java.lang.reflect.Method, java.lang.String)[pri:0, instance:testCases.HomePageTest@7bba5817]" started-at="2022-02-20T16:59:00Z" name="Setup" finished-at="2022-02-20T16:59:01Z" duration-ms="726" status="PASS">
          <params>
            <param index="0">
              <value>
                <![CDATA[public void testCases.HomePageTest.test_homePage4() throws java.lang.InterruptedException,java.lang.Exception]]>
              </value>
            </param>
            <param index="1">
              <value>
                <![CDATA[chrome]]>
              </value>
            </param>
          </params>
          <reporter-output>
          </reporter-output>
        </test-method> <!-- Setup -->
        <test-method signature="test_homePage4()[pri:0, instance:testCases.HomePageTest@7bba5817]" started-at="2022-02-20T16:59:01Z" name="test_homePage4" finished-at="2022-02-20T16:59:05Z" duration-ms="3783" status="PASS">
          <reporter-output>
          </reporter-output>
        </test-method> <!-- test_homePage4 -->
        <test-method is-config="true" signature="after_Method(org.testng.ITestResult, java.lang.reflect.Method)[pri:0, instance:testCases.HomePageTest@7bba5817]" started-at="2022-02-20T16:59:05Z" name="after_Method" finished-at="2022-02-20T16:59:05Z" duration-ms="294" status="PASS">
          <params>
            <param index="0">
              <value>
                <![CDATA[[TestResult name=test_homePage4 status=SUCCESS method=HomePageTest.test_homePage4()[pri:0, instance:testCases.HomePageTest@7bba5817] output={null}]]]>
              </value>
            </param>
            <param index="1">
              <value>
                <![CDATA[public void testCases.HomePageTest.test_homePage4() throws java.lang.InterruptedException,java.lang.Exception]]>
              </value>
            </param>
          </params>
          <reporter-output>
          </reporter-output>
        </test-method> <!-- after_Method -->
      </class> <!-- testCases.HomePageTest -->
    </test> <!-- Test -->
  </suite> <!-- Suite -->
</testng-results>
