<?xml version="1.0" encoding="UTF-8"?>
<testng-results total="3" passed="0" failed="0" skipped="3">
  <reporter-output>
  </reporter-output>
  <suite started-at="2022-02-15T07:28:18Z" name="Suite" finished-at="2022-02-15T07:28:19Z" duration-ms="1010">
    <groups>
    </groups>
    <test started-at="2022-02-15T07:28:18Z" name="Test" finished-at="2022-02-15T07:28:19Z" duration-ms="1010">
      <class name="testCases.LoginPageTest">
        <test-method is-config="true" signature="beforeMethod(java.lang.reflect.Method, java.lang.String)[pri:0, instance:testCases.LoginPageTest@65f8f5ae]" started-at="2022-02-15T09:28:18Z" name="beforeMethod" finished-at="2022-02-15T09:28:18Z" duration-ms="0" status="FAIL">
          <params>
            <param index="0">
              <value>
                <![CDATA[public void testCases.LoginPageTest.Test1()]]>
              </value>
            </param>
            <param index="1">
              <value>
                <![CDATA[chrome]]>
              </value>
            </param>
          </params>
          <exception class="org.openqa.selenium.SessionNotCreatedException">
            <message>
              <![CDATA[session not created: This version of ChromeDriver only supports Chrome version 96
Current browser version is 98.0.4758.82 with binary path C:\Program Files\Google\Chrome\Application\chrome.exe
Build info: version: '3.13.0', revision: '2f0d292', time: '2018-06-25T15:24:21.231Z'
System info: host: 'A-ABDELSATAR', ip: '197.168.3.131', os.name: 'Windows 10', os.arch: 'amd64', os.version: '10.0', java.version: '16.0.2'
Driver info: driver.version: ChromeDriver
remote stacktrace: Backtrace:
	Ordinal0 [0x01326903+2517251]
	Ordinal0 [0x012BF8E1+2095329]
	Ordinal0 [0x011C2848+1058888]
	Ordinal0 [0x011E0B9D+1182621]
	Ordinal0 [0x011DCA60+1165920]
	Ordinal0 [0x011DA2CF+1155791]
	Ordinal0 [0x0120AAAF+1354415]
	Ordinal0 [0x0120A71A+1353498]
	Ordinal0 [0x0120639B+1336219]
	Ordinal0 [0x011E27A7+1189799]
	Ordinal0 [0x011E3609+1193481]
	GetHandleVerifier [0x014B5904+1577972]
	GetHandleVerifier [0x01560B97+2279047]
	GetHandleVerifier [0x013B6D09+534521]
	GetHandleVerifier [0x013B5DB9+530601]
	Ordinal0 [0x012C4FF9+2117625]
	Ordinal0 [0x012C98A8+2136232]
	Ordinal0 [0x012C99E2+2136546]
	Ordinal0 [0x012D3541+2176321]
	BaseThreadInitThunk [0x746E0419+25]
	RtlGetAppContainerNamedObjectPath [0x770B72ED+237]
	RtlGetAppContainerNamedObjectPath [0x770B72BD+189]
]]>
            </message>
            <full-stacktrace>
              <![CDATA[org.openqa.selenium.SessionNotCreatedException: session not created: This version of ChromeDriver only supports Chrome version 96
Current browser version is 98.0.4758.82 with binary path C:\Program Files\Google\Chrome\Application\chrome.exe
Build info: version: '3.13.0', revision: '2f0d292', time: '2018-06-25T15:24:21.231Z'
System info: host: 'A-ABDELSATAR', ip: '197.168.3.131', os.name: 'Windows 10', os.arch: 'amd64', os.version: '10.0', java.version: '16.0.2'
Driver info: driver.version: ChromeDriver
remote stacktrace: Backtrace:
	Ordinal0 [0x01326903+2517251]
	Ordinal0 [0x012BF8E1+2095329]
	Ordinal0 [0x011C2848+1058888]
	Ordinal0 [0x011E0B9D+1182621]
	Ordinal0 [0x011DCA60+1165920]
	Ordinal0 [0x011DA2CF+1155791]
	Ordinal0 [0x0120AAAF+1354415]
	Ordinal0 [0x0120A71A+1353498]
	Ordinal0 [0x0120639B+1336219]
	Ordinal0 [0x011E27A7+1189799]
	Ordinal0 [0x011E3609+1193481]
	GetHandleVerifier [0x014B5904+1577972]
	GetHandleVerifier [0x01560B97+2279047]
	GetHandleVerifier [0x013B6D09+534521]
	GetHandleVerifier [0x013B5DB9+530601]
	Ordinal0 [0x012C4FF9+2117625]
	Ordinal0 [0x012C98A8+2136232]
	Ordinal0 [0x012C99E2+2136546]
	Ordinal0 [0x012D3541+2176321]
	BaseThreadInitThunk [0x746E0419+25]
	RtlGetAppContainerNamedObjectPath [0x770B72ED+237]
	RtlGetAppContainerNamedObjectPath [0x770B72BD+189]

	at java.base/jdk.internal.reflect.NativeConstructorAccessorImpl.newInstance0(Native Method)
	at java.base/jdk.internal.reflect.NativeConstructorAccessorImpl.newInstance(NativeConstructorAccessorImpl.java:78)
	at java.base/jdk.internal.reflect.DelegatingConstructorAccessorImpl.newInstance(DelegatingConstructorAccessorImpl.java:45)
	at java.base/java.lang.reflect.Constructor.newInstanceWithCaller(Constructor.java:499)
	at java.base/java.lang.reflect.Constructor.newInstance(Constructor.java:480)
	at org.openqa.selenium.remote.W3CHandshakeResponse.lambda$new$0(W3CHandshakeResponse.java:57)
	at org.openqa.selenium.remote.W3CHandshakeResponse.lambda$getResponseFunction$2(W3CHandshakeResponse.java:104)
	at org.openqa.selenium.remote.ProtocolHandshake.lambda$createSession$0(ProtocolHandshake.java:123)
	at java.base/java.util.stream.ReferencePipeline$3$1.accept(ReferencePipeline.java:197)
	at java.base/java.util.Spliterators$ArraySpliterator.tryAdvance(Spliterators.java:958)
	at java.base/java.util.stream.ReferencePipeline.forEachWithCancel(ReferencePipeline.java:129)
	at java.base/java.util.stream.AbstractPipeline.copyIntoWithCancel(AbstractPipeline.java:502)
	at java.base/java.util.stream.AbstractPipeline.copyInto(AbstractPipeline.java:488)
	at java.base/java.util.stream.AbstractPipeline.wrapAndCopyInto(AbstractPipeline.java:474)
	at java.base/java.util.stream.FindOps$FindOp.evaluateSequential(FindOps.java:150)
	at java.base/java.util.stream.AbstractPipeline.evaluate(AbstractPipeline.java:234)
	at java.base/java.util.stream.ReferencePipeline.findFirst(ReferencePipeline.java:647)
	at org.openqa.selenium.remote.ProtocolHandshake.createSession(ProtocolHandshake.java:126)
	at org.openqa.selenium.remote.ProtocolHandshake.createSession(ProtocolHandshake.java:73)
	at org.openqa.selenium.remote.HttpCommandExecutor.execute(HttpCommandExecutor.java:136)
	at org.openqa.selenium.remote.service.DriverCommandExecutor.execute(DriverCommandExecutor.java:83)
	at org.openqa.selenium.remote.RemoteWebDriver.execute(RemoteWebDriver.java:548)
	at org.openqa.selenium.remote.RemoteWebDriver.startSession(RemoteWebDriver.java:212)
	at org.openqa.selenium.remote.RemoteWebDriver.<init>(RemoteWebDriver.java:130)
	at org.openqa.selenium.chrome.ChromeDriver.<init>(ChromeDriver.java:181)
	at org.openqa.selenium.chrome.ChromeDriver.<init>(ChromeDriver.java:168)
	at org.openqa.selenium.chrome.ChromeDriver.<init>(ChromeDriver.java:157)
	at baseConfig.SetUp.beforeMethod(SetUp.java:60)
	at java.base/jdk.internal.reflect.NativeMethodAccessorImpl.invoke0(Native Method)
	at java.base/jdk.internal.reflect.NativeMethodAccessorImpl.invoke(NativeMethodAccessorImpl.java:78)
	at java.base/jdk.internal.reflect.DelegatingMethodAccessorImpl.invoke(DelegatingMethodAccessorImpl.java:43)
	at java.base/java.lang.reflect.Method.invoke(Method.java:567)
	at org.testng.internal.MethodInvocationHelper.invokeMethod(MethodInvocationHelper.java:84)
	at org.testng.internal.Invoker.invokeConfigurationMethod(Invoker.java:564)
	at org.testng.internal.Invoker.invokeConfigurations(Invoker.java:213)
	at org.testng.internal.Invoker.invokeMethod(Invoker.java:653)
	at org.testng.internal.Invoker.invokeTestMethod(Invoker.java:901)
	at org.testng.internal.Invoker.invokeTestMethods(Invoker.java:1231)
	at org.testng.internal.TestMethodWorker.invokeTestMethods(TestMethodWorker.java:127)
	at org.testng.internal.TestMethodWorker.run(TestMethodWorker.java:111)
	at org.testng.TestRunner.privateRun(TestRunner.java:767)
	at org.testng.TestRunner.run(TestRunner.java:617)
	at org.testng.SuiteRunner.runTest(SuiteRunner.java:348)
	at org.testng.SuiteRunner.runSequentially(SuiteRunner.java:343)
	at org.testng.SuiteRunner.privateRun(SuiteRunner.java:305)
	at org.testng.SuiteRunner.run(SuiteRunner.java:254)
	at org.testng.SuiteRunnerWorker.runSuite(SuiteRunnerWorker.java:52)
	at org.testng.SuiteRunnerWorker.run(SuiteRunnerWorker.java:86)
	at org.testng.TestNG.runSuitesSequentially(TestNG.java:1224)
	at org.testng.TestNG.runSuitesLocally(TestNG.java:1149)
	at org.testng.TestNG.run(TestNG.java:1057)
	at org.testng.remote.AbstractRemoteTestNG.run(AbstractRemoteTestNG.java:115)
	at org.testng.remote.RemoteTestNG.initAndRun(RemoteTestNG.java:251)
	at org.testng.remote.RemoteTestNG.main(RemoteTestNG.java:77)
]]>
            </full-stacktrace>
          </exception> <!-- org.openqa.selenium.SessionNotCreatedException -->
          <reporter-output>
          </reporter-output>
        </test-method> <!-- beforeMethod -->
        <test-method signature="Test1()[pri:0, instance:testCases.LoginPageTest@65f8f5ae]" started-at="2022-02-15T09:28:19Z" name="Test1" finished-at="2022-02-15T09:28:19Z" duration-ms="1" status="SKIP">
          <reporter-output>
          </reporter-output>
        </test-method> <!-- Test1 -->
        <test-method is-config="true" signature="afterMethod(java.lang.reflect.Method, org.testng.ITestResult)[pri:0, instance:testCases.LoginPageTest@65f8f5ae]" started-at="2022-02-15T09:28:19Z" name="afterMethod" finished-at="2022-02-15T09:28:19Z" duration-ms="0" status="SKIP">
          <reporter-output>
          </reporter-output>
        </test-method> <!-- afterMethod -->
        <test-method is-config="true" signature="beforeMethod(java.lang.reflect.Method, java.lang.String)[pri:0, instance:testCases.LoginPageTest@65f8f5ae]" started-at="2022-02-15T09:28:19Z" name="beforeMethod" finished-at="2022-02-15T09:28:19Z" duration-ms="0" status="SKIP">
          <reporter-output>
          </reporter-output>
        </test-method> <!-- beforeMethod -->
        <test-method signature="Test3()[pri:0, instance:testCases.LoginPageTest@65f8f5ae]" started-at="2022-02-15T09:28:19Z" name="Test3" finished-at="2022-02-15T09:28:19Z" duration-ms="1" status="SKIP">
          <reporter-output>
          </reporter-output>
        </test-method> <!-- Test3 -->
        <test-method is-config="true" signature="afterMethod(java.lang.reflect.Method, org.testng.ITestResult)[pri:0, instance:testCases.LoginPageTest@65f8f5ae]" started-at="2022-02-15T09:28:19Z" name="afterMethod" finished-at="2022-02-15T09:28:19Z" duration-ms="0" status="SKIP">
          <reporter-output>
          </reporter-output>
        </test-method> <!-- afterMethod -->
      </class> <!-- testCases.LoginPageTest -->
      <class name="testCases.ExtentRep">
        <test-method is-config="true" signature="Extentreport()[pri:0, instance:testCases.ExtentRep@55cb6996]" started-at="2022-02-15T09:28:18Z" name="Extentreport" finished-at="2022-02-15T09:28:18Z" duration-ms="125" status="PASS">
          <reporter-output>
          </reporter-output>
        </test-method> <!-- Extentreport -->
        <test-method is-config="true" signature="afterSuite()[pri:0, instance:testCases.ExtentRep@55cb6996]" started-at="2022-02-15T09:28:19Z" name="afterSuite" finished-at="2022-02-15T09:28:19Z" duration-ms="0" status="SKIP">
          <reporter-output>
          </reporter-output>
        </test-method> <!-- afterSuite -->
      </class> <!-- testCases.ExtentRep -->
      <class name="testCases.HomePageTest">
        <test-method is-config="true" signature="beforeMethod(java.lang.reflect.Method, java.lang.String)[pri:0, instance:testCases.HomePageTest@431cd9b2]" started-at="2022-02-15T09:28:19Z" name="beforeMethod" finished-at="2022-02-15T09:28:19Z" duration-ms="0" status="SKIP">
          <reporter-output>
          </reporter-output>
        </test-method> <!-- beforeMethod -->
        <test-method signature="Test2()[pri:0, instance:testCases.HomePageTest@431cd9b2]" started-at="2022-02-15T09:28:19Z" name="Test2" finished-at="2022-02-15T09:28:19Z" duration-ms="0" status="SKIP">
          <reporter-output>
          </reporter-output>
        </test-method> <!-- Test2 -->
        <test-method is-config="true" signature="afterMethod(java.lang.reflect.Method, org.testng.ITestResult)[pri:0, instance:testCases.HomePageTest@431cd9b2]" started-at="2022-02-15T09:28:19Z" name="afterMethod" finished-at="2022-02-15T09:28:19Z" duration-ms="0" status="SKIP">
          <reporter-output>
          </reporter-output>
        </test-method> <!-- afterMethod -->
      </class> <!-- testCases.HomePageTest -->
    </test> <!-- Test -->
  </suite> <!-- Suite -->
</testng-results>
