<?xml version="1.0" encoding="UTF-8"?>
<!-- Generated by org.testng.reporters.JUnitXMLReporter -->
<testsuite hostname="A-ABDELSATAR" failures="0" tests="14" name="Test" time="1.466" errors="0" timestamp="24 Aug 2022 10:43:06 GMT">
  <testcase classname="testCases.LoginTest" name="@BeforeMethod before_Method" time="0.0">
    <failure type="org.openqa.selenium.SessionNotCreatedException" message="session not created: This version of ChromeDriver only supports Chrome version 100
Current browser version is 104.0.5112.102 with binary path C:\Program Files\Google\Chrome\Application\chrome.exe
Build info: version: &amp;apos;3.13.0&amp;apos;, revision: &amp;apos;2f0d292&amp;apos;, time: &amp;apos;2018-06-25T15:24:21.231Z&amp;apos;
System info: host: &amp;apos;A-ABDELSATAR&amp;apos;, ip: &amp;apos;10.10.10.35&amp;apos;, os.name: &amp;apos;Windows 10&amp;apos;, os.arch: &amp;apos;amd64&amp;apos;, os.version: &amp;apos;10.0&amp;apos;, java.version: &amp;apos;17&amp;apos;
Driver info: driver.version: ChromeDriver
remote stacktrace: Backtrace:
	Ordinal0 [0x00BB7413+2389011]
	Ordinal0 [0x00B49F61+1941345]
	Ordinal0 [0x00A3C658+837208]
	Ordinal0 [0x00A5C773+968563]
	Ordinal0 [0x00A5837A+951162]
	Ordinal0 [0x00A55C51+941137]
	Ordinal0 [0x00A88C80+1150080]
	Ordinal0 [0x00A888DA+1149146]
	Ordinal0 [0x00A83F66+1130342]
	Ordinal0 [0x00A5E546+976198]
	Ordinal0 [0x00A5F456+980054]
	GetHandleVerifier [0x00D69632+1727522]
	GetHandleVerifier [0x00E1BA4D+2457661]
	GetHandleVerifier [0x00C4EB81+569713]
	GetHandleVerifier [0x00C4DD76+566118]
	Ordinal0 [0x00B50B2B+1968939]
	Ordinal0 [0x00B55988+1989000]
	Ordinal0 [0x00B55A75+1989237]
	Ordinal0 [0x00B5ECB1+2026673]
	BaseThreadInitThunk [0x771C0419+25]
	RtlGetAppContainerNamedObjectPath [0x778872ED+237]
	RtlGetAppContainerNamedObjectPath [0x778872BD+189]
">
      <![CDATA[org.openqa.selenium.SessionNotCreatedException: session not created: This version of ChromeDriver only supports Chrome version 100
Current browser version is 104.0.5112.102 with binary path C:\Program Files\Google\Chrome\Application\chrome.exe
Build info: version: '3.13.0', revision: '2f0d292', time: '2018-06-25T15:24:21.231Z'
System info: host: 'A-ABDELSATAR', ip: '10.10.10.35', os.name: 'Windows 10', os.arch: 'amd64', os.version: '10.0', java.version: '17'
Driver info: driver.version: ChromeDriver
remote stacktrace: Backtrace:
	Ordinal0 [0x00BB7413+2389011]
	Ordinal0 [0x00B49F61+1941345]
	Ordinal0 [0x00A3C658+837208]
	Ordinal0 [0x00A5C773+968563]
	Ordinal0 [0x00A5837A+951162]
	Ordinal0 [0x00A55C51+941137]
	Ordinal0 [0x00A88C80+1150080]
	Ordinal0 [0x00A888DA+1149146]
	Ordinal0 [0x00A83F66+1130342]
	Ordinal0 [0x00A5E546+976198]
	Ordinal0 [0x00A5F456+980054]
	GetHandleVerifier [0x00D69632+1727522]
	GetHandleVerifier [0x00E1BA4D+2457661]
	GetHandleVerifier [0x00C4EB81+569713]
	GetHandleVerifier [0x00C4DD76+566118]
	Ordinal0 [0x00B50B2B+1968939]
	Ordinal0 [0x00B55988+1989000]
	Ordinal0 [0x00B55A75+1989237]
	Ordinal0 [0x00B5ECB1+2026673]
	BaseThreadInitThunk [0x771C0419+25]
	RtlGetAppContainerNamedObjectPath [0x778872ED+237]
	RtlGetAppContainerNamedObjectPath [0x778872BD+189]

	at org.openqa.selenium.remote.W3CHandshakeResponse.lambda$new$0(W3CHandshakeResponse.java:57)
	at org.openqa.selenium.remote.W3CHandshakeResponse.lambda$getResponseFunction$2(W3CHandshakeResponse.java:104)
	at org.openqa.selenium.remote.ProtocolHandshake.lambda$createSession$0(ProtocolHandshake.java:123)
	at java.base/java.util.stream.ReferencePipeline$3$1.accept(ReferencePipeline.java:197)
	at java.base/java.util.Spliterators$ArraySpliterator.tryAdvance(Spliterators.java:1002)
	at java.base/java.util.stream.ReferencePipeline.forEachWithCancel(ReferencePipeline.java:129)
	at java.base/java.util.stream.AbstractPipeline.copyIntoWithCancel(AbstractPipeline.java:527)
	at java.base/java.util.stream.AbstractPipeline.copyInto(AbstractPipeline.java:513)
	at java.base/java.util.stream.AbstractPipeline.wrapAndCopyInto(AbstractPipeline.java:499)
	at java.base/java.util.stream.FindOps$FindOp.evaluateSequential(FindOps.java:150)
	at java.base/java.util.stream.AbstractPipeline.evaluate(AbstractPipeline.java:234)
	at java.base/java.util.stream.ReferencePipeline.findFirst(ReferencePipeline.java:647)
	at org.openqa.selenium.remote.ProtocolHandshake.createSession(ProtocolHandshake.java:126)
	at org.openqa.selenium.remote.ProtocolHandshake.createSession(ProtocolHandshake.java:73)
	at org.openqa.selenium.remote.HttpCommandExecutor.execute(HttpCommandExecutor.java:136)
	at org.openqa.selenium.remote.service.DriverCommandExecutor.execute(DriverCommandExecutor.java:83)
	at org.openqa.selenium.remote.RemoteWebDriver.execute(RemoteWebDriver.java:548)
	at org.openqa.selenium.remote.RemoteWebDriver.startSession(RemoteWebDriver.java:212)
	at org.openqa.selenium.remote.RemoteWebDriver.<init>(RemoteWebDriver.java:130)
	at org.openqa.selenium.chrome.ChromeDriver.<init>(ChromeDriver.java:181)
	at org.openqa.selenium.chrome.ChromeDriver.<init>(ChromeDriver.java:168)
	at org.openqa.selenium.chrome.ChromeDriver.<init>(ChromeDriver.java:157)
	at basic.Config.SetUp.before_Method(SetUp.java:67)
... Removed 35 stack frames]]>
    </failure>
  </testcase> <!-- @BeforeMethod before_Method -->
  <testcase classname="testCases.LoginTest" name="@AfterMethod after_Method" time="0.0">
    <skipped/>
  </testcase> <!-- @AfterMethod after_Method -->
  <testcase classname="testCases.LoginTest" name="@BeforeMethod before_Method" time="0.0">
    <skipped/>
  </testcase> <!-- @BeforeMethod before_Method -->
  <testcase classname="testCases.LoginTest" name="@AfterMethod after_Method" time="0.0">
    <skipped/>
  </testcase> <!-- @AfterMethod after_Method -->
  <testcase classname="testCases.Rest1Test" name="@BeforeMethod before_Method" time="0.0">
    <skipped/>
  </testcase> <!-- @BeforeMethod before_Method -->
  <testcase classname="testCases.Rest1Test" name="@AfterMethod after_Method" time="0.0">
    <skipped/>
  </testcase> <!-- @AfterMethod after_Method -->
  <testcase classname="testCases.Rest1Test" name="@BeforeMethod before_Method" time="0.0">
    <skipped/>
  </testcase> <!-- @BeforeMethod before_Method -->
  <testcase classname="testCases.Rest1Test" name="@AfterMethod after_Method" time="0.0">
    <skipped/>
  </testcase> <!-- @AfterMethod after_Method -->
  <testcase classname="testCases.Rest1Test" name="@BeforeMethod before_Method" time="0.0">
    <skipped/>
  </testcase> <!-- @BeforeMethod before_Method -->
  <testcase classname="testCases.Rest1Test" name="@AfterMethod after_Method" time="0.0">
    <skipped/>
  </testcase> <!-- @AfterMethod after_Method -->
  <testcase classname="testCases.Rest1Test" name="@BeforeMethod before_Method" time="0.0">
    <skipped/>
  </testcase> <!-- @BeforeMethod before_Method -->
  <testcase classname="testCases.Rest1Test" name="@AfterMethod after_Method" time="0.0">
    <skipped/>
  </testcase> <!-- @AfterMethod after_Method -->
  <testcase classname="testCases.Rest1Test" name="@BeforeMethod before_Method" time="0.0">
    <skipped/>
  </testcase> <!-- @BeforeMethod before_Method -->
  <testcase classname="testCases.Rest1Test" name="@AfterMethod after_Method" time="0.0">
    <skipped/>
  </testcase> <!-- @AfterMethod after_Method -->
  <testcase classname="testCases.Rest1Test" name="@BeforeMethod before_Method" time="0.0">
    <skipped/>
  </testcase> <!-- @BeforeMethod before_Method -->
  <testcase classname="testCases.Rest1Test" name="@AfterMethod after_Method" time="0.0">
    <skipped/>
  </testcase> <!-- @AfterMethod after_Method -->
  <testcase classname="testCases.Rest1Test" name="@BeforeMethod before_Method" time="0.0">
    <skipped/>
  </testcase> <!-- @BeforeMethod before_Method -->
  <testcase classname="testCases.Rest1Test" name="@AfterMethod after_Method" time="0.0">
    <skipped/>
  </testcase> <!-- @AfterMethod after_Method -->
  <testcase classname="testCases.Rest1Test" name="@BeforeMethod before_Method" time="0.0">
    <skipped/>
  </testcase> <!-- @BeforeMethod before_Method -->
  <testcase classname="testCases.Rest1Test" name="@AfterMethod after_Method" time="0.0">
    <skipped/>
  </testcase> <!-- @AfterMethod after_Method -->
  <testcase classname="testCases.Rest1Test" name="@BeforeMethod before_Method" time="0.0">
    <skipped/>
  </testcase> <!-- @BeforeMethod before_Method -->
  <testcase classname="testCases.Rest1Test" name="@AfterMethod after_Method" time="0.0">
    <skipped/>
  </testcase> <!-- @AfterMethod after_Method -->
  <testcase classname="testCases.Rest1Test" name="@BeforeMethod before_Method" time="0.0">
    <skipped/>
  </testcase> <!-- @BeforeMethod before_Method -->
  <testcase classname="testCases.Rest1Test" name="@AfterMethod after_Method" time="0.0">
    <skipped/>
  </testcase> <!-- @AfterMethod after_Method -->
  <testcase classname="testCases.Rest1Test" name="@BeforeMethod before_Method" time="0.0">
    <skipped/>
  </testcase> <!-- @BeforeMethod before_Method -->
  <testcase classname="testCases.Rest1Test" name="@AfterMethod after_Method" time="0.0">
    <skipped/>
  </testcase> <!-- @AfterMethod after_Method -->
  <testcase classname="testCases.Rest1Test" name="@BeforeMethod before_Method" time="0.0">
    <skipped/>
  </testcase> <!-- @BeforeMethod before_Method -->
  <testcase classname="testCases.Rest1Test" name="@AfterMethod after_Method" time="0.0">
    <skipped/>
  </testcase> <!-- @AfterMethod after_Method -->
  <testcase classname="testCases.LoginTest" name="get_Title" time="0.0">
    <skipped/>
  </testcase> <!-- get_Title -->
  <testcase classname="testCases.LoginTest" name="get_Url" time="0.0">
    <skipped/>
  </testcase> <!-- get_Url -->
  <testcase classname="testCases.Rest1Test" name="check_Datajson" time="0.0">
    <skipped/>
  </testcase> <!-- check_Datajson -->
  <testcase classname="testCases.Rest1Test" name="check_Status" time="0.0">
    <skipped/>
  </testcase> <!-- check_Status -->
  <testcase classname="testCases.Rest1Test" name="check_data2" time="0.0">
    <skipped/>
  </testcase> <!-- check_data2 -->
  <testcase classname="testCases.Rest1Test" name="getPageData" time="0.0">
    <skipped/>
  </testcase> <!-- getPageData -->
  <testcase classname="testCases.Rest1Test" name="getTitle" time="0.015">
    <skipped/>
  </testcase> <!-- getTitle -->
  <testcase classname="testCases.Rest1Test" name="getURL" time="0.0">
    <skipped/>
  </testcase> <!-- getURL -->
  <testcase classname="testCases.Rest1Test" name="restTest2Statuscode" time="0.007">
    <skipped/>
  </testcase> <!-- restTest2Statuscode -->
  <testcase classname="testCases.Rest1Test" name="test_all_rest" time="0.0">
    <skipped/>
  </testcase> <!-- test_all_rest -->
  <testcase classname="testCases.Rest1Test" name="test_all_rest" time="0.0">
    <skipped/>
  </testcase> <!-- test_all_rest -->
  <testcase classname="testCases.Rest1Test" name="test_all_rest" time="0.0">
    <skipped/>
  </testcase> <!-- test_all_rest -->
  <testcase classname="testCases.Rest1Test" name="test_all_rest" time="0.016">
    <skipped/>
  </testcase> <!-- test_all_rest -->
  <testcase classname="testCases.Rest1Test" name="test_all_rest" time="0.0">
    <skipped/>
  </testcase> <!-- test_all_rest -->
</testsuite> <!-- Test -->
