<?xml version="1.0" encoding="UTF-8"?>
<testng-results ignored="2" total="3" passed="1" failed="0" skipped="0">
  <reporter-output>
  </reporter-output>
  <suite started-at="2022-03-06T18:16:25 EET" name="Suite" finished-at="2022-03-06T18:16:32 EET" duration-ms="6944">
    <groups>
    </groups>
    <test started-at="2022-03-06T18:16:25 EET" name="Test" finished-at="2022-03-06T18:16:32 EET" duration-ms="6944">
      <class name="gaeb_config.ExtentReport">
        <test-method is-config="true" signature="beforeSuite()[pri:0, instance:gaeb_config.ExtentReport@6c64cb25]" started-at="2022-03-06T18:16:25 EET" name="beforeSuite" finished-at="2022-03-06T18:16:25 EET" duration-ms="268" status="PASS">
          <reporter-output>
          </reporter-output>
        </test-method> <!-- beforeSuite -->
        <test-method is-config="true" signature="beforeTest()[pri:0, instance:gaeb_config.ExtentReport@6c64cb25]" started-at="2022-03-06T18:16:25 EET" name="beforeTest" finished-at="2022-03-06T18:16:25 EET" duration-ms="0" status="PASS">
          <reporter-output>
          </reporter-output>
        </test-method> <!-- beforeTest -->
        <test-method is-config="true" signature="afterTest()[pri:0, instance:gaeb_config.ExtentReport@6c64cb25]" started-at="2022-03-06T18:16:32 EET" name="afterTest" finished-at="2022-03-06T18:16:32 EET" duration-ms="0" status="PASS">
          <reporter-output>
          </reporter-output>
        </test-method> <!-- afterTest -->
        <test-method is-config="true" signature="afterSuite()[pri:0, instance:gaeb_config.ExtentReport@6c64cb25]" started-at="2022-03-06T18:16:32 EET" name="afterSuite" finished-at="2022-03-06T18:16:32 EET" duration-ms="187" status="PASS">
          <reporter-output>
          </reporter-output>
        </test-method> <!-- afterSuite -->
      </class> <!-- gaeb_config.ExtentReport -->
      <class name="gaeb_testCases.LoginPageTest">
        <test-method is-config="true" signature="beforeMethod(java.lang.String,java.lang.reflect.Method)[pri:0, instance:gaeb_testCases.LoginPageTest@36902638]" started-at="2022-03-06T18:16:25 EET" name="beforeMethod" finished-at="2022-03-06T18:16:29 EET" duration-ms="3830" status="PASS">
          <params>
            <param index="0">
              <value>
                <![CDATA[Chrome]]>
              </value>
            </param>
            <param index="1">
              <value>
                <![CDATA[public void gaeb_testCases.LoginPageTest.getTitle()]]>
              </value>
            </param>
          </params>
          <reporter-output>
          </reporter-output>
        </test-method> <!-- beforeMethod -->
        <test-method signature="getTitle()[pri:0, instance:gaeb_testCases.LoginPageTest@36902638]" started-at="2022-03-06T18:16:29 EET" name="getTitle" finished-at="2022-03-06T18:16:29 EET" duration-ms="15" status="PASS">
          <reporter-output>
          </reporter-output>
        </test-method> <!-- getTitle -->
        <test-method is-config="true" signature="afterMethod(java.lang.reflect.Method,org.testng.ITestResult)[pri:0, instance:gaeb_testCases.LoginPageTest@36902638]" started-at="2022-03-06T18:16:29 EET" name="afterMethod" finished-at="2022-03-06T18:16:32 EET" duration-ms="3064" status="PASS">
          <params>
            <param index="0">
              <value>
                <![CDATA[public void gaeb_testCases.LoginPageTest.getTitle()]]>
              </value>
            </param>
            <param index="1">
              <value>
                <![CDATA[[TestResult name=getTitle status=SUCCESS method=LoginPageTest.getTitle()[pri:0, instance:gaeb_testCases.LoginPageTest@36902638] output={null}]]]>
              </value>
            </param>
          </params>
          <reporter-output>
          </reporter-output>
        </test-method> <!-- afterMethod -->
      </class> <!-- gaeb_testCases.LoginPageTest -->
    </test> <!-- Test -->
  </suite> <!-- Suite -->
</testng-results>
