<?xml version="1.0" encoding="UTF-8"?>
<testng-results ignored="2" total="3" passed="1" failed="0" skipped="0">
  <reporter-output>
  </reporter-output>
  <suite started-at="2022-01-05T14:37:39 EET" name="Suite" finished-at="2022-01-05T14:37:44 EET" duration-ms="4736">
    <groups>
    </groups>
    <test started-at="2022-01-05T14:37:39 EET" name="Test" finished-at="2022-01-05T14:37:44 EET" duration-ms="4736">
      <class name="gaeb_config.ExtentReport">
        <test-method is-config="true" signature="beforeSuite()[pri:0, instance:gaeb_config.ExtentReport@4fb61f4a]" started-at="2022-01-05T14:37:39 EET" name="beforeSuite" finished-at="2022-01-05T14:37:39 EET" duration-ms="118" status="PASS">
          <reporter-output>
          </reporter-output>
        </test-method> <!-- beforeSuite -->
        <test-method is-config="true" signature="beforeTest()[pri:0, instance:gaeb_config.ExtentReport@4fb61f4a]" started-at="2022-01-05T14:37:39 EET" name="beforeTest" finished-at="2022-01-05T14:37:39 EET" duration-ms="0" status="PASS">
          <reporter-output>
          </reporter-output>
        </test-method> <!-- beforeTest -->
        <test-method is-config="true" signature="afterTest()[pri:0, instance:gaeb_config.ExtentReport@4fb61f4a]" started-at="2022-01-05T14:37:44 EET" name="afterTest" finished-at="2022-01-05T14:37:44 EET" duration-ms="1" status="PASS">
          <reporter-output>
          </reporter-output>
        </test-method> <!-- afterTest -->
        <test-method is-config="true" signature="afterSuite()[pri:0, instance:gaeb_config.ExtentReport@4fb61f4a]" started-at="2022-01-05T14:37:44 EET" name="afterSuite" finished-at="2022-01-05T14:37:44 EET" duration-ms="243" status="PASS">
          <reporter-output>
          </reporter-output>
        </test-method> <!-- afterSuite -->
      </class> <!-- gaeb_config.ExtentReport -->
      <class name="gaeb_testCases.LoginPageTest">
        <test-method is-config="true" signature="beforeMethod(java.lang.String,java.lang.reflect.Method)[pri:0, instance:gaeb_testCases.LoginPageTest@515aebb0]" started-at="2022-01-05T14:37:39 EET" name="beforeMethod" finished-at="2022-01-05T14:37:41 EET" duration-ms="1714" status="PASS">
          <params>
            <param index="0">
              <value>
                <![CDATA[Chrome]]>
              </value>
            </param>
            <param index="1">
              <value>
                <![CDATA[public void gaeb_testCases.LoginPageTest.getTitle()]]>
              </value>
            </param>
          </params>
          <reporter-output>
          </reporter-output>
        </test-method> <!-- beforeMethod -->
        <test-method signature="getTitle()[pri:0, instance:gaeb_testCases.LoginPageTest@515aebb0]" started-at="2022-01-05T14:37:41 EET" name="getTitle" finished-at="2022-01-05T14:37:41 EET" duration-ms="12" status="PASS">
          <reporter-output>
          </reporter-output>
        </test-method> <!-- getTitle -->
        <test-method is-config="true" signature="afterMethod(java.lang.reflect.Method,org.testng.ITestResult)[pri:0, instance:gaeb_testCases.LoginPageTest@515aebb0]" started-at="2022-01-05T14:37:41 EET" name="afterMethod" finished-at="2022-01-05T14:37:44 EET" duration-ms="2983" status="PASS">
          <params>
            <param index="0">
              <value>
                <![CDATA[public void gaeb_testCases.LoginPageTest.getTitle()]]>
              </value>
            </param>
            <param index="1">
              <value>
                <![CDATA[[TestResult name=getTitle status=SUCCESS method=LoginPageTest.getTitle()[pri:0, instance:gaeb_testCases.LoginPageTest@515aebb0] output={null}]]]>
              </value>
            </param>
          </params>
          <reporter-output>
          </reporter-output>
        </test-method> <!-- afterMethod -->
      </class> <!-- gaeb_testCases.LoginPageTest -->
    </test> <!-- Test -->
  </suite> <!-- Suite -->
</testng-results>
