<?xml version="1.0" encoding="UTF-8"?>
<testsuite xmlns:xsi="http://www.w3.org/2001/XMLSchema-instance" xsi:noNamespaceSchemaLocation="https://maven.apache.org/surefire/maven-surefire-plugin/xsd/surefire-test-report.xsd" name="TestSuite" time="57.632" tests="14" errors="0" skipped="0" failures="5">
  <properties>
[...]
</properties>
  <testcase name="get_Title" classname="testCases.LoginTest" time="3.479"/>
  <testcase name="get_Url" classname="testCases.LoginTest" time="3.696"/>
  <testcase name="check_Datajson" classname="testCases.Rest1Test" time="1.577"/>
  <testcase name="check_Status" classname="testCases.Rest1Test" time="0.349">
    <failure message="1 expectation failed.&#10;Expected status code &lt;300&gt; but was &lt;200&gt;.&#10;" type="java.lang.AssertionError"><![CDATA[java.lang.AssertionError: 
1 expectation failed.
Expected status code <300> but was <200>.

	at testCases.Rest1Test.check_Status(Rest1Test.java:32)
]]></failure>
    <system-err><![CDATA[Starting ChromeDriver 96.0.4664.45 (76e4c1bb2ab4671b8beba3444e61c0f17584b2fc-refs/branch-heads/4664@{#947}) on port 14320
Only local connections are allowed.
Please see https://chromedriver.chromium.org/security-considerations for suggestions on keeping ChromeDriver safe.
ChromeDriver was started successfully.
[1643635014.603][WARNING]: This version of ChromeDriver has not been tested with Chrome version 97.
Jan 31, 2022 3:16:54 PM org.openqa.selenium.remote.ProtocolHandshake createSession
INFO: Detected dialect: W3C
]]></system-err>
  </testcase>
  <testcase name="check_data2" classname="testCases.Rest1Test" time="0.756"/>
  <testcase name="getPageData" classname="testCases.Rest1Test" time="0.251"/>
  <testcase name="getTitle" classname="testCases.Rest1Test" time="0.291"/>
  <testcase name="getURL" classname="testCases.Rest1Test" time="0.319"/>
  <testcase name="restTest2Statuscode" classname="testCases.Rest1Test" time="0.258"/>
  <testcase name="test_all_rest" classname="testCases.Rest1Test" time="0.259"/>
  <testcase name="test_all_rest" classname="testCases.Rest1Test" time="0.264">
    <failure message="1 expectation failed.&#10;JSON path data[3].&apos;email&apos; doesn&apos;t match.&#10;Expected: Ahmed 1&#10;  Actual: byron.fields@reqres.in&#10;" type="java.lang.AssertionError">java.lang.AssertionError: 
1 expectation failed.
JSON path data[3].'email' doesn't match.
Expected: Ahmed 1
  Actual: byron.fields@reqres.in

	at testCases.Rest1Test.test_all_rest(Rest1Test.java:84)
</failure>
    <system-err><![CDATA[Starting ChromeDriver 96.0.4664.45 (76e4c1bb2ab4671b8beba3444e61c0f17584b2fc-refs/branch-heads/4664@{#947}) on port 14190
Only local connections are allowed.
Please see https://chromedriver.chromium.org/security-considerations for suggestions on keeping ChromeDriver safe.
ChromeDriver was started successfully.
[1643635037.000][WARNING]: This version of ChromeDriver has not been tested with Chrome version 97.
Jan 31, 2022 3:17:17 PM org.openqa.selenium.remote.ProtocolHandshake createSession
INFO: Detected dialect: W3C
]]></system-err>
  </testcase>
  <testcase name="test_all_rest" classname="testCases.Rest1Test" time="0.278">
    <failure message="1 expectation failed.&#10;JSON path data[3].&apos;email&apos; doesn&apos;t match.&#10;Expected: Ahmed 2&#10;  Actual: byron.fields@reqres.in&#10;" type="java.lang.AssertionError">java.lang.AssertionError: 
1 expectation failed.
JSON path data[3].'email' doesn't match.
Expected: Ahmed 2
  Actual: byron.fields@reqres.in

	at testCases.Rest1Test.test_all_rest(Rest1Test.java:84)
</failure>
    <system-err><![CDATA[Starting ChromeDriver 96.0.4664.45 (76e4c1bb2ab4671b8beba3444e61c0f17584b2fc-refs/branch-heads/4664@{#947}) on port 30275
Only local connections are allowed.
Please see https://chromedriver.chromium.org/security-considerations for suggestions on keeping ChromeDriver safe.
ChromeDriver was started successfully.
[1643635040.022][WARNING]: This version of ChromeDriver has not been tested with Chrome version 97.
Jan 31, 2022 3:17:20 PM org.openqa.selenium.remote.ProtocolHandshake createSession
INFO: Detected dialect: W3C
]]></system-err>
  </testcase>
  <testcase name="test_all_rest" classname="testCases.Rest1Test" time="0.256">
    <failure message="1 expectation failed.&#10;JSON path data[3].&apos;email&apos; doesn&apos;t match.&#10;Expected: Ahmed 3&#10;  Actual: byron.fields@reqres.in&#10;" type="java.lang.AssertionError">java.lang.AssertionError: 
1 expectation failed.
JSON path data[3].'email' doesn't match.
Expected: Ahmed 3
  Actual: byron.fields@reqres.in

	at testCases.Rest1Test.test_all_rest(Rest1Test.java:84)
</failure>
    <system-err><![CDATA[Starting ChromeDriver 96.0.4664.45 (76e4c1bb2ab4671b8beba3444e61c0f17584b2fc-refs/branch-heads/4664@{#947}) on port 10764
Only local connections are allowed.
Please see https://chromedriver.chromium.org/security-considerations for suggestions on keeping ChromeDriver safe.
ChromeDriver was started successfully.
[1643635043.062][WARNING]: This version of ChromeDriver has not been tested with Chrome version 97.
Jan 31, 2022 3:17:23 PM org.openqa.selenium.remote.ProtocolHandshake createSession
INFO: Detected dialect: W3C
]]></system-err>
  </testcase>
  <testcase name="test_all_rest" classname="testCases.Rest1Test" time="0.261">
    <failure message="1 expectation failed.&#10;JSON path data[3].&apos;email&apos; doesn&apos;t match.&#10;Expected: Ahmed 4&#10;  Actual: byron.fields@reqres.in&#10;" type="java.lang.AssertionError">java.lang.AssertionError: 
1 expectation failed.
JSON path data[3].'email' doesn't match.
Expected: Ahmed 4
  Actual: byron.fields@reqres.in

	at testCases.Rest1Test.test_all_rest(Rest1Test.java:84)
</failure>
    <system-err><![CDATA[Starting ChromeDriver 96.0.4664.45 (76e4c1bb2ab4671b8beba3444e61c0f17584b2fc-refs/branch-heads/4664@{#947}) on port 44854
Only local connections are allowed.
Please see https://chromedriver.chromium.org/security-considerations for suggestions on keeping ChromeDriver safe.
ChromeDriver was started successfully.
[1643635046.126][WARNING]: This version of ChromeDriver has not been tested with Chrome version 97.
Jan 31, 2022 3:17:26 PM org.openqa.selenium.remote.ProtocolHandshake createSession
INFO: Detected dialect: W3C
]]></system-err>
  </testcase>
</testsuite>