<?xml version="1.0" encoding="UTF-8"?>
<testsuite xmlns:xsi="http://www.w3.org/2001/XMLSchema-instance" xsi:noNamespaceSchemaLocation="https://maven.apache.org/surefire/maven-surefire-plugin/xsd/surefire-test-report.xsd" name="TestSuite" time="2.76" tests="43" errors="0" skipped="42" failures="1">
  <properties>
[...]
</properties>
  <testcase name="before_Method" classname="testCases.LoginTest" time="2.174">
    <failure message="session not created: This version of ChromeDriver only supports Chrome version 100&#10;Current browser version is 104.0.5112.102 with binary path C:\Program Files\Google\Chrome\Application\chrome.exe&#10;Build info: version: &apos;3.13.0&apos;, revision: &apos;2f0d292&apos;, time: &apos;2018-06-25T15:24:21.231Z&apos;&#10;System info: host: &apos;A-ABDELSATAR&apos;, ip: &apos;10.10.10.35&apos;, os.name: &apos;Windows 10&apos;, os.arch: &apos;amd64&apos;, os.version: &apos;10.0&apos;, java.version: &apos;17&apos;&#10;Driver info: driver.version: ChromeDriver&#10;remote stacktrace: Backtrace:&#10;	Ordinal0 [0x00BB7413+2389011]&#10;	Ordinal0 [0x00B49F61+1941345]&#10;	Ordinal0 [0x00A3C658+837208]&#10;	Ordinal0 [0x00A5C773+968563]&#10;	Ordinal0 [0x00A5837A+951162]&#10;	Ordinal0 [0x00A55C51+941137]&#10;	Ordinal0 [0x00A88C80+1150080]&#10;	Ordinal0 [0x00A888DA+1149146]&#10;	Ordinal0 [0x00A83F66+1130342]&#10;	Ordinal0 [0x00A5E546+976198]&#10;	Ordinal0 [0x00A5F456+980054]&#10;	GetHandleVerifier [0x00D69632+1727522]&#10;	GetHandleVerifier [0x00E1BA4D+2457661]&#10;	GetHandleVerifier [0x00C4EB81+569713]&#10;	GetHandleVerifier [0x00C4DD76+566118]&#10;	Ordinal0 [0x00B50B2B+1968939]&#10;	Ordinal0 [0x00B55988+1989000]&#10;	Ordinal0 [0x00B55A75+1989237]&#10;	Ordinal0 [0x00B5ECB1+2026673]&#10;	BaseThreadInitThunk [0x771C0419+25]&#10;	RtlGetAppContainerNamedObjectPath [0x778872ED+237]&#10;	RtlGetAppContainerNamedObjectPath [0x778872BD+189]&#10;" type="org.openqa.selenium.SessionNotCreatedException">org.openqa.selenium.SessionNotCreatedException: 
session not created: This version of ChromeDriver only supports Chrome version 100
Current browser version is 104.0.5112.102 with binary path C:\Program Files\Google\Chrome\Application\chrome.exe
Build info: version: '3.13.0', revision: '2f0d292', time: '2018-06-25T15:24:21.231Z'
System info: host: 'A-ABDELSATAR', ip: '10.10.10.35', os.name: 'Windows 10', os.arch: 'amd64', os.version: '10.0', java.version: '17'
Driver info: driver.version: ChromeDriver
remote stacktrace: Backtrace:
	Ordinal0 [0x00BB7413+2389011]
	Ordinal0 [0x00B49F61+1941345]
	Ordinal0 [0x00A3C658+837208]
	Ordinal0 [0x00A5C773+968563]
	Ordinal0 [0x00A5837A+951162]
	Ordinal0 [0x00A55C51+941137]
	Ordinal0 [0x00A88C80+1150080]
	Ordinal0 [0x00A888DA+1149146]
	Ordinal0 [0x00A83F66+1130342]
	Ordinal0 [0x00A5E546+976198]
	Ordinal0 [0x00A5F456+980054]
	GetHandleVerifier [0x00D69632+1727522]
	GetHandleVerifier [0x00E1BA4D+2457661]
	GetHandleVerifier [0x00C4EB81+569713]
	GetHandleVerifier [0x00C4DD76+566118]
	Ordinal0 [0x00B50B2B+1968939]
	Ordinal0 [0x00B55988+1989000]
	Ordinal0 [0x00B55A75+1989237]
	Ordinal0 [0x00B5ECB1+2026673]
	BaseThreadInitThunk [0x771C0419+25]
	RtlGetAppContainerNamedObjectPath [0x778872ED+237]
	RtlGetAppContainerNamedObjectPath [0x778872BD+189]

</failure>
    <system-err><![CDATA[[main] ERROR io.qameta.allure.AllureLifecycle - Could not update test fixture: test fixture with uuid 9ffabd02-b730-42e2-ab1b-0bbcd0eec814 not found
[main] ERROR io.qameta.allure.AllureLifecycle - Could not stop test fixture: test fixture with uuid 9ffabd02-b730-42e2-ab1b-0bbcd0eec814 not found
Starting ChromeDriver 100.0.4896.60 (6a5d10861ce8de5fce22564658033b43cb7de047-refs/branch-heads/4896@{#875}) on port 24494
Only local connections are allowed.
Please see https://chromedriver.chromium.org/security-considerations for suggestions on keeping ChromeDriver safe.
ChromeDriver was started successfully.
[main] ERROR io.qameta.allure.AllureLifecycle - Could not update test fixture: test fixture with uuid 9d3e44fa-41d3-4c1a-aa03-8b95b97cb573 not found
[main] ERROR io.qameta.allure.AllureLifecycle - Could not stop test fixture: test fixture with uuid 9d3e44fa-41d3-4c1a-aa03-8b95b97cb573 not found
[main] ERROR io.qameta.allure.AllureLifecycle - Could not stop test container: container with uuid bbbaa990-980d-4c1b-96d8-7ec34a56c190 not found
[main] ERROR io.qameta.allure.AllureLifecycle - Could not write test container: container with uuid bbbaa990-980d-4c1b-96d8-7ec34a56c190 not found
]]></system-err>
  </testcase>
  <testcase name="before_Method" classname="testCases.LoginTest" time="0">
    <skipped/>
  </testcase>
  <testcase name="get_Title" classname="testCases.LoginTest" time="0">
    <skipped/>
  </testcase>
  <testcase name="after_Method" classname="testCases.LoginTest" time="0">
    <skipped/>
  </testcase>
  <testcase name="after_Method" classname="testCases.LoginTest" time="0">
    <skipped/>
  </testcase>
  <testcase name="get_Url" classname="testCases.LoginTest" time="0">
    <skipped/>
  </testcase>
  <testcase name="before_Method" classname="testCases.Rest1Test" time="0">
    <skipped/>
  </testcase>
  <testcase name="before_Method" classname="testCases.Rest1Test" time="0">
    <skipped/>
  </testcase>
  <testcase name="before_Method" classname="testCases.Rest1Test" time="0">
    <skipped/>
  </testcase>
  <testcase name="before_Method" classname="testCases.Rest1Test" time="0">
    <skipped/>
  </testcase>
  <testcase name="before_Method" classname="testCases.Rest1Test" time="0">
    <skipped/>
  </testcase>
  <testcase name="before_Method" classname="testCases.Rest1Test" time="0">
    <skipped/>
  </testcase>
  <testcase name="before_Method" classname="testCases.Rest1Test" time="0">
    <skipped/>
  </testcase>
  <testcase name="before_Method" classname="testCases.Rest1Test" time="0">
    <skipped/>
  </testcase>
  <testcase name="before_Method" classname="testCases.Rest1Test" time="0">
    <skipped/>
  </testcase>
  <testcase name="before_Method" classname="testCases.Rest1Test" time="0">
    <skipped/>
  </testcase>
  <testcase name="before_Method" classname="testCases.Rest1Test" time="0">
    <skipped/>
  </testcase>
  <testcase name="before_Method" classname="testCases.Rest1Test" time="0">
    <skipped/>
  </testcase>
  <testcase name="check_Datajson" classname="testCases.Rest1Test" time="0">
    <skipped/>
  </testcase>
  <testcase name="after_Method" classname="testCases.Rest1Test" time="0">
    <skipped/>
  </testcase>
  <testcase name="after_Method" classname="testCases.Rest1Test" time="0">
    <skipped/>
  </testcase>
  <testcase name="after_Method" classname="testCases.Rest1Test" time="0">
    <skipped/>
  </testcase>
  <testcase name="after_Method" classname="testCases.Rest1Test" time="0">
    <skipped/>
  </testcase>
  <testcase name="after_Method" classname="testCases.Rest1Test" time="0">
    <skipped/>
  </testcase>
  <testcase name="after_Method" classname="testCases.Rest1Test" time="0">
    <skipped/>
  </testcase>
  <testcase name="after_Method" classname="testCases.Rest1Test" time="0">
    <skipped/>
  </testcase>
  <testcase name="after_Method" classname="testCases.Rest1Test" time="0">
    <skipped/>
  </testcase>
  <testcase name="after_Method" classname="testCases.Rest1Test" time="0">
    <skipped/>
  </testcase>
  <testcase name="after_Method" classname="testCases.Rest1Test" time="0">
    <skipped/>
  </testcase>
  <testcase name="after_Method" classname="testCases.Rest1Test" time="0">
    <skipped/>
  </testcase>
  <testcase name="after_Method" classname="testCases.Rest1Test" time="0">
    <skipped/>
  </testcase>
  <testcase name="check_Status" classname="testCases.Rest1Test" time="0">
    <skipped/>
  </testcase>
  <testcase name="check_data2" classname="testCases.Rest1Test" time="0">
    <skipped/>
  </testcase>
  <testcase name="getPageData" classname="testCases.Rest1Test" time="0">
    <skipped/>
  </testcase>
  <testcase name="getTitle" classname="testCases.Rest1Test" time="0">
    <skipped/>
  </testcase>
  <testcase name="getURL" classname="testCases.Rest1Test" time="0">
    <skipped/>
  </testcase>
  <testcase name="restTest2Statuscode" classname="testCases.Rest1Test" time="0">
    <skipped/>
  </testcase>
  <testcase name="test_all_rest" classname="testCases.Rest1Test" time="0">
    <skipped/>
  </testcase>
  <testcase name="test_all_rest" classname="testCases.Rest1Test" time="0">
    <skipped/>
  </testcase>
  <testcase name="test_all_rest" classname="testCases.Rest1Test" time="0">
    <skipped/>
  </testcase>
  <testcase name="test_all_rest" classname="testCases.Rest1Test" time="0">
    <skipped/>
  </testcase>
  <testcase name="test_all_rest" classname="testCases.Rest1Test" time="0">
    <skipped/>
  </testcase>
  <testcase name="after_Suite" classname="testCases.Extent" time="0">
    <skipped/>
  </testcase>
</testsuite>