<?xml version="1.0" encoding="UTF-8"?>
<!-- Generated by org.testng.reporters.JUnitXMLReporter -->
<testsuite ignored="2" hostname="A-ABDELSATAR" failures="0" tests="1" name="Test" time="6.944" errors="0" timestamp="2022-03-06T18:16:32 EET">
  <testcase classname="gaeb_testCases.LoginPageTest" name="getTitle" time="0.015"/>
  <testcase classname="gaeb_TestBase.Setup_Base" name="@AfterTest afterTest" time="0.0">
    <ignored/>
  </testcase> <!-- @AfterTest afterTest -->
  <testcase classname="gaeb_TestBase.Setup_Base" name="@BeforeTest beforeTest" time="0.0">
    <ignored/>
  </testcase> <!-- @BeforeTest beforeTest -->
</testsuite> <!-- Test -->
